[+] Containers:
 |- [+] Container: /Game/TopDown/Maps/TopDownMap
 |   |- [+] ActorDescs:
 |   |   |- Guid:01681824482C1B8C0D14CC807E45821C BaseClass: NativeClass:/Script/Engine.StaticMeshActor Name:StaticMeshActor_UAID_B07B2512BA04A99B01_1418414589 Label:BackgroundCube SpatiallyLoaded:1 Bounds:IsValid=true, Min=(X=-23957.858 Y=-23957.857 Z=-8739.981), Max=(X=23957.857 Y=23957.857 Z=39175.733) RuntimeGrid:None EditorOnly:0 RuntimeOnly:0 HLODRelevant:0
 |   |   |- Guid:0446667B4D9A8AC1A858E6B24F5BBE7B BaseClass:/Game/Grass/Grass_Deformation/Blueprints/BP_Capture.BP_Capture_C NativeClass:/Script/Engine.Actor Name:BP_Capture_C_UAID_B07B2512BA04079B01_2076424073 Label:BP_Capture SpatiallyLoaded:1 Bounds:IsValid=true, Min=(X=0.000 Y=0.000 Z=-2000.000), Max=(X=0.000 Y=0.000 Z=-2000.000) RuntimeGrid:None EditorOnly:0 RuntimeOnly:0 HLODRelevant:0
 |   |   |- Guid:04AC941B46B92FAB2691C9BCA2871AB2 BaseClass: NativeClass:/Script/Foliage.InstancedFoliageActor Name:InstancedFoliageActor_25600_0_0_0 Label:InstancedFoliageActor_0_0_0 SpatiallyLoaded:1 Bounds:IsValid=true, Min=(X=0.000 Y=0.000 Z=0.000), Max=(X=25600.000 Y=25600.000 Z=25600.000) RuntimeGrid:None EditorOnly:0 RuntimeOnly:0 HLODRelevant:1
 |   |   |- Guid:077745BC47EEBDE494F66596C98B06E0 BaseClass: NativeClass:/Script/Foliage.InstancedFoliageActor Name:InstancedFoliageActor_25600_-1_0_-1 Label:InstancedFoliageActor_-1_0_-1 SpatiallyLoaded:1 Bounds:IsValid=true, Min=(X=-25600.000 Y=0.000 Z=-25600.000), Max=(X=0.000 Y=25600.000 Z=0.000) RuntimeGrid:None EditorOnly:0 RuntimeOnly:0 HLODRelevant:0
 |   |   |- Guid:12E162684BA5A9BDC21A6394E558C5AC BaseClass: NativeClass:/Script/Foliage.InstancedFoliageActor Name:InstancedFoliageActor_25600_0_-1_0 Label:InstancedFoliageActor_0_-1_0 SpatiallyLoaded:1 Bounds:IsValid=true, Min=(X=0.000 Y=-25600.000 Z=0.000), Max=(X=25600.000 Y=0.000 Z=25600.000) RuntimeGrid:None EditorOnly:0 RuntimeOnly:0 HLODRelevant:1
 |   |   |- Guid:147C8D134B12D635012D5F8C57D2C96F BaseClass: NativeClass:/Script/Engine.PostProcessVolume Name:PostProcessVolume_1 Label:PostProcessVolume SpatiallyLoaded:0 Bounds:IsValid=true, Min=(X=-0.000 Y=-0.000 Z=949.031), Max=(X=200.000 Y=200.000 Z=1149.031) RuntimeGrid:None EditorOnly:0 RuntimeOnly:0 HLODRelevant:0 FolderPath:Lighting FolderGuid:4C9334684BA61B42C769F799D2576455
 |   |   |- Guid:1742DF43475F097453197AA79C7473D9 BaseClass: NativeClass:/Script/Engine.SkyLight Name:SkyLight_1 Label:SkyLight SpatiallyLoaded:0 Bounds:IsValid=true, Min=(X=0.000 Y=0.000 Z=690.000), Max=(X=0.000 Y=0.000 Z=690.000) RuntimeGrid:None EditorOnly:0 RuntimeOnly:0 HLODRelevant:0 FolderPath:Lighting FolderGuid:4C9334684BA61B42C769F799D2576455
 |   |   |- Guid:1E888FFA49E910D1FFB6FC8DEDFEC86B BaseClass: NativeClass:/Script/Landscape.Landscape Name:Landscape_UAID_B07B2512BA04069B01_1251974895 Label:Landscape SpatiallyLoaded:0 Bounds:IsValid=true, Min=(X=-25200.000 Y=-25200.000 Z=0.000), Max=(X=-25200.000 Y=-25200.000 Z=0.000) RuntimeGrid:None EditorOnly:0 RuntimeOnly:0 HLODRelevant:0
 |   |   |- Guid:1FCB76874092E988B2487CBFCB9AA583 BaseClass: NativeClass:/Script/Landscape.LandscapeStreamingProxy Name:LandscapeStreamingProxy_58JGYMCRS0RRJWD73NRAG71BG_126_2_2_0 Label:LandscapeStreamingProxy_2_2_0 SpatiallyLoaded:1 Bounds:IsValid=true, Min=(X=0.000 Y=-0.000 Z=-100.000), Max=(X=12600.000 Y=12600.000 Z=100.000) RuntimeGrid:None EditorOnly:0 RuntimeOnly:0 HLODRelevant:1
 |   |   |- Guid:1FEC8FAC495CEF0CE32492ADCBB96BAE BaseClass: NativeClass:/Script/AIModule.NavLinkProxy Name:NavLinkProxy_3 Label:NavLinkProxy3 SpatiallyLoaded:1 Bounds:IsValid=true, Min=(X=2240.000 Y=1030.000 Z=90.000), Max=(X=2240.000 Y=1030.000 Z=90.000) RuntimeGrid:None EditorOnly:0 RuntimeOnly:0 HLODRelevant:0 FolderPath:Navigation FolderGuid:AE45D61F453CC144CF8289862C276E89
 |   |   |- Guid:24311E0D43556CC9F715EA9B22DA9B20 BaseClass: NativeClass:/Script/Landscape.LandscapeStreamingProxy Name:LandscapeStreamingProxy_58JGYMCRS0RRJWD73NRAG71BG_126_3_3_0 Label:LandscapeStreamingProxy_3_3_0 SpatiallyLoaded:1 Bounds:IsValid=true, Min=(X=12600.000 Y=12600.000 Z=-100.000), Max=(X=25200.000 Y=25200.000 Z=100.000) RuntimeGrid:None EditorOnly:0 RuntimeOnly:0 HLODRelevant:1
 |   |   |- Guid:25CBB76140FD58DDC434669A7C5029C0 BaseClass: NativeClass:/Script/Landscape.LandscapeStreamingProxy Name:LandscapeStreamingProxy_58JGYMCRS0RRJWD73NRAG71BG_126_1_0_0 Label:LandscapeStreamingProxy_1_0_0 SpatiallyLoaded:1 Bounds:IsValid=true, Min=(X=-12600.000 Y=-25200.000 Z=-100.000), Max=(X=0.000 Y=-12600.000 Z=100.000) RuntimeGrid:None EditorOnly:0 RuntimeOnly:0 HLODRelevant:1
 |   |   |- Guid:25E542C74C4C11C1DCFEF3A2A9F6830E BaseClass: NativeClass:/Script/Landscape.LandscapeStreamingProxy Name:LandscapeStreamingProxy_58JGYMCRS0RRJWD73NRAG71BG_126_3_1_0 Label:LandscapeStreamingProxy_3_1_0 SpatiallyLoaded:1 Bounds:IsValid=true, Min=(X=12600.000 Y=-12600.000 Z=-100.000), Max=(X=25200.000 Y=-0.000 Z=100.000) RuntimeGrid:None EditorOnly:0 RuntimeOnly:0 HLODRelevant:1
 |   |   |- Guid:272BF69C40D885DA2D3BB3815E18B110 BaseClass: NativeClass:/Script/Foliage.InstancedFoliageActor Name:InstancedFoliageActor_25600_0_0_-1 Label:InstancedFoliageActor_0_0_-1 SpatiallyLoaded:1 Bounds:IsValid=true, Min=(X=0.000 Y=0.000 Z=-25600.000), Max=(X=25600.000 Y=25600.000 Z=0.000) RuntimeGrid:None EditorOnly:0 RuntimeOnly:0 HLODRelevant:0
 |   |   |- Guid:2DF0D95440BE0EDA81652F860DC7268E BaseClass: NativeClass:/Script/Engine.WorldDataLayers Name:WorldDataLayers Label:WorldDataLayers SpatiallyLoaded:0 Bounds:IsValid=true, Min=(X=0.000 Y=0.000 Z=0.000), Max=(X=0.000 Y=0.000 Z=0.000) RuntimeGrid:None EditorOnly:0 RuntimeOnly:0 HLODRelevant:0
 |   |   |- Guid:332811EF485A298241F33BB4EBE63059 BaseClass: NativeClass:/Script/Landscape.LandscapeStreamingProxy Name:LandscapeStreamingProxy_58JGYMCRS0RRJWD73NRAG71BG_126_2_3_0 Label:LandscapeStreamingProxy_2_3_0 SpatiallyLoaded:1 Bounds:IsValid=true, Min=(X=0.000 Y=12600.000 Z=-100.000), Max=(X=12600.000 Y=25200.000 Z=100.000) RuntimeGrid:None EditorOnly:0 RuntimeOnly:0 HLODRelevant:1
 |   |   |- Guid:3D5880004EE56C6F05303191FED13647 BaseClass: NativeClass:/Script/Landscape.LandscapeStreamingProxy Name:LandscapeStreamingProxy_58JGYMCRS0RRJWD73NRAG71BG_126_1_1_0 Label:LandscapeStreamingProxy_1_1_0 SpatiallyLoaded:1 Bounds:IsValid=true, Min=(X=-12600.000 Y=-12600.000 Z=-100.000), Max=(X=0.000 Y=-0.000 Z=100.000) RuntimeGrid:None EditorOnly:0 RuntimeOnly:0 HLODRelevant:1
 |   |   |- Guid:50D638624939BAB2CFE06188FA5AE348 BaseClass: NativeClass:/Script/Landscape.LandscapeStreamingProxy Name:LandscapeStreamingProxy_58JGYMCRS0RRJWD73NRAG71BG_126_0_1_0 Label:LandscapeStreamingProxy_0_1_0 SpatiallyLoaded:1 Bounds:IsValid=true, Min=(X=-25200.000 Y=-12600.000 Z=-100.000), Max=(X=-12600.000 Y=-0.000 Z=100.000) RuntimeGrid:None EditorOnly:0 RuntimeOnly:0 HLODRelevant:1
 |   |   |- Guid:5E78125840C553D095C0E5B994344CDB BaseClass: NativeClass:/Script/Landscape.LandscapeStreamingProxy Name:LandscapeStreamingProxy_58JGYMCRS0RRJWD73NRAG71BG_126_3_2_0 Label:LandscapeStreamingProxy_3_2_0 SpatiallyLoaded:1 Bounds:IsValid=true, Min=(X=12600.000 Y=-0.000 Z=-100.000), Max=(X=25200.000 Y=12600.000 Z=100.000) RuntimeGrid:None EditorOnly:0 RuntimeOnly:0 HLODRelevant:1
 |   |   |- Guid:6252C7D64ACF162A73EE65B11FE214D1 BaseClass: NativeClass:/Script/Engine.SkyAtmosphere Name:SkyAtmosphere_1 Label:SkyAtmosphere SpatiallyLoaded:0 Bounds:IsValid=true, Min=(X=0.000 Y=0.000 Z=1020.000), Max=(X=0.000 Y=0.000 Z=1020.000) RuntimeGrid:None EditorOnly:0 RuntimeOnly:0 HLODRelevant:0 FolderPath:Lighting FolderGuid:4C9334684BA61B42C769F799D2576455
 |   |   |- Guid:64177DFA4B84817893AF95A50C701885 BaseClass: NativeClass:/Script/NavigationSystem.NavMeshBoundsVolume Name:NavMeshBoundsVolume_UAID_B07B2512BA04C69801_1438636520 Label:NavMeshBoundsVolume2 SpatiallyLoaded:0 Bounds:IsValid=true, Min=(X=-22664.790 Y=-22591.440 Z=-22500.000), Max=(X=22335.210 Y=22408.560 Z=22500.000) RuntimeGrid:None EditorOnly:0 RuntimeOnly:0 HLODRelevant:0
 |   |   |- Guid:66BCBF874D2A22ADC6523B95EE812CA3 BaseClass: NativeClass:/Script/Engine.StaticMeshActor Name:StaticMeshActor_UAID_A4AE111137DC5CFB00_1660657071 Label:SM_SkySphere SpatiallyLoaded:0 Bounds:IsValid=true, Min=(X=-1638400.000 Y=-1638400.000 Z=-1638400.000), Max=(X=1638400.000 Y=1638400.000 Z=1638400.000) RuntimeGrid:None EditorOnly:0 RuntimeOnly:0 HLODRelevant:1 FolderPath:Lighting FolderGuid:4C9334684BA61B42C769F799D2576455
 |   |   |- Guid:66BD2C81431849710243718E8B65C564 BaseClass: NativeClass:/Script/Landscape.LandscapeStreamingProxy Name:LandscapeStreamingProxy_58JGYMCRS0RRJWD73NRAG71BG_126_1_2_0 Label:LandscapeStreamingProxy_1_2_0 SpatiallyLoaded:1 Bounds:IsValid=true, Min=(X=-12600.000 Y=-0.000 Z=-100.000), Max=(X=0.000 Y=12600.000 Z=100.000) RuntimeGrid:None EditorOnly:0 RuntimeOnly:0 HLODRelevant:1
 |   |   |- Guid:730B3FBC43149923A6E59796DA353164 BaseClass: NativeClass:/Script/Landscape.LandscapeStreamingProxy Name:LandscapeStreamingProxy_58JGYMCRS0RRJWD73NRAG71BG_126_2_0_0 Label:LandscapeStreamingProxy_2_0_0 SpatiallyLoaded:1 Bounds:IsValid=true, Min=(X=0.000 Y=-25200.000 Z=-100.000), Max=(X=12600.000 Y=-12600.000 Z=100.000) RuntimeGrid:None EditorOnly:0 RuntimeOnly:0 HLODRelevant:1
 |   |   |- Guid:798ACE3A4F51E0938534C9911BEAE3FE BaseClass: NativeClass:/Script/Landscape.LandscapeStreamingProxy Name:LandscapeStreamingProxy_58JGYMCRS0RRJWD73NRAG71BG_126_0_0_0 Label:LandscapeStreamingProxy_0_0_0 SpatiallyLoaded:1 Bounds:IsValid=true, Min=(X=-25200.000 Y=-25200.000 Z=-100.000), Max=(X=-12600.000 Y=-12600.000 Z=100.000) RuntimeGrid:None EditorOnly:0 RuntimeOnly:0 HLODRelevant:1
 |   |   |- Guid:817A83FE4C86E1870A9687A2822954B8 BaseClass: NativeClass:/Script/Foliage.InstancedFoliageActor Name:InstancedFoliageActor_25600_-1_-1_-1 Label:InstancedFoliageActor_-1_-1_-1 SpatiallyLoaded:1 Bounds:IsValid=true, Min=(X=-25600.000 Y=-25600.000 Z=-25600.000), Max=(X=0.000 Y=0.000 Z=0.000) RuntimeGrid:None EditorOnly:0 RuntimeOnly:0 HLODRelevant:0
 |   |   |- Guid:AD1AA48B43717A50FDB5088A54B2883D BaseClass: NativeClass:/Script/Landscape.LandscapeStreamingProxy Name:LandscapeStreamingProxy_58JGYMCRS0RRJWD73NRAG71BG_126_0_2_0 Label:LandscapeStreamingProxy_0_2_0 SpatiallyLoaded:1 Bounds:IsValid=true, Min=(X=-25200.000 Y=-0.000 Z=-100.000), Max=(X=-12600.000 Y=12600.000 Z=100.000) RuntimeGrid:None EditorOnly:0 RuntimeOnly:0 HLODRelevant:1
 |   |   |- Guid:AECEEEE741E6DE68F6843FA49564A956 BaseClass: NativeClass:/Script/Engine.DirectionalLight Name:DirectionalLight_1 Label:DirectionalLight SpatiallyLoaded:0 Bounds:IsValid=true, Min=(X=-4398046511104.000 Y=-4398046511104.000 Z=-4398046511104.000), Max=(X=4398046511104.000 Y=4398046511104.000 Z=4398046511104.000) RuntimeGrid:None EditorOnly:0 RuntimeOnly:0 HLODRelevant:0 FolderPath:Lighting FolderGuid:4C9334684BA61B42C769F799D2576455
 |   |   |- Guid:B2BB6D824C740A13D9D2FF84FDCC5F66 BaseClass: NativeClass:/Script/Landscape.LandscapeStreamingProxy Name:LandscapeStreamingProxy_58JGYMCRS0RRJWD73NRAG71BG_126_2_1_0 Label:LandscapeStreamingProxy_2_1_0 SpatiallyLoaded:1 Bounds:IsValid=true, Min=(X=0.000 Y=-12600.000 Z=-100.000), Max=(X=12600.000 Y=-0.000 Z=100.000) RuntimeGrid:None EditorOnly:0 RuntimeOnly:0 HLODRelevant:1
 |   |   |- Guid:B71CC87A4B1A91575ECA009D9431AFE1 BaseClass: NativeClass:/Script/Foliage.InstancedFoliageActor Name:InstancedFoliageActor_25600_-1_0_0 Label:InstancedFoliageActor_-1_0_0 SpatiallyLoaded:1 Bounds:IsValid=true, Min=(X=-25600.000 Y=0.000 Z=0.000), Max=(X=0.000 Y=25600.000 Z=25600.000) RuntimeGrid:None EditorOnly:0 RuntimeOnly:0 HLODRelevant:1
 |   |   |- Guid:C88EBEDA4EA3929756051298E817ED23 BaseClass: NativeClass:/Script/Foliage.InstancedFoliageActor Name:InstancedFoliageActor_25600_-1_-1_0 Label:InstancedFoliageActor_-1_-1_0 SpatiallyLoaded:1 Bounds:IsValid=true, Min=(X=-25600.000 Y=-25600.000 Z=0.000), Max=(X=0.000 Y=0.000 Z=25600.000) RuntimeGrid:None EditorOnly:0 RuntimeOnly:0 HLODRelevant:1
 |   |   |- Guid:CCDD89584E0A9025F52AEDA51D60CA54 BaseClass: NativeClass:/Script/NavigationSystem.NavMeshBoundsVolume Name:NavMeshBoundsVolume_1 Label:NavMeshBoundsVolume SpatiallyLoaded:0 Bounds:IsValid=true, Min=(X=-100.000 Y=-100.000 Z=782.184), Max=(X=3100.000 Y=3600.000 Z=1282.184) RuntimeGrid:None EditorOnly:0 RuntimeOnly:0 HLODRelevant:0 FolderPath:Navigation FolderGuid:AE45D61F453CC144CF8289862C276E89
 |   |   |- Guid:D1573390467393BD3858518F8756EEAA BaseClass: NativeClass:/Script/Landscape.LandscapeStreamingProxy Name:LandscapeStreamingProxy_58JGYMCRS0RRJWD73NRAG71BG_126_0_3_0 Label:LandscapeStreamingProxy_0_3_0 SpatiallyLoaded:1 Bounds:IsValid=true, Min=(X=-25200.000 Y=12600.000 Z=-100.000), Max=(X=-12600.000 Y=25200.000 Z=100.000) RuntimeGrid:None EditorOnly:0 RuntimeOnly:0 HLODRelevant:1
 |   |   |- Guid:D24D61B944EF71BE7BC469B7EB239299 BaseClass: NativeClass:/Script/Engine.ExponentialHeightFog Name:ExponentialHeightFog_1 Label:ExponentialHeightFog SpatiallyLoaded:0 Bounds:IsValid=true, Min=(X=-5600.000 Y=-50.000 Z=-6850.000), Max=(X=-5600.000 Y=-50.000 Z=-6850.000) RuntimeGrid:None EditorOnly:0 RuntimeOnly:0 HLODRelevant:0 FolderPath:Lighting FolderGuid:4C9334684BA61B42C769F799D2576455
 |   |   |- Guid:D7E33BF64A58ABB4700DA98BF477BB43 BaseClass: NativeClass:/Script/Landscape.LandscapeStreamingProxy Name:LandscapeStreamingProxy_58JGYMCRS0RRJWD73NRAG71BG_126_1_3_0 Label:LandscapeStreamingProxy_1_3_0 SpatiallyLoaded:1 Bounds:IsValid=true, Min=(X=-12600.000 Y=12600.000 Z=-100.000), Max=(X=0.000 Y=25200.000 Z=100.000) RuntimeGrid:None EditorOnly:0 RuntimeOnly:0 HLODRelevant:1
 |   |   |- Guid:DEF48D684E2D9D29A50FE09A1D8B806F BaseClass: NativeClass:/Script/Foliage.InstancedFoliageActor Name:InstancedFoliageActor_25600_0_-1_-1 Label:InstancedFoliageActor_0_-1_-1 SpatiallyLoaded:1 Bounds:IsValid=true, Min=(X=0.000 Y=-25600.000 Z=-25600.000), Max=(X=25600.000 Y=0.000 Z=0.000) RuntimeGrid:None EditorOnly:0 RuntimeOnly:0 HLODRelevant:1
 |   |   |- Guid:E088AB68497BFAE736EFB4AF4F3ED826 BaseClass: NativeClass:/Script/Engine.RuntimeVirtualTextureVolume Name:RuntimeVirtualTextureVolume_UAID_B07B2512BA04069B01_1704390896 Label:Runtime Virtual Texture Volume SpatiallyLoaded:0 Bounds:IsValid=true, Min=(X=-25200.391 Y=-25200.391 Z=-51.017), Max=(X=25999.609 Y=25999.609 Z=148.983) RuntimeGrid:None EditorOnly:0 RuntimeOnly:0 HLODRelevant:0
 |   |   |- Guid:F07080C34D9288CD14D5DF912FF3CFFB BaseClass: NativeClass:/Script/Landscape.LandscapeStreamingProxy Name:LandscapeStreamingProxy_58JGYMCRS0RRJWD73NRAG71BG_126_3_0_0 Label:LandscapeStreamingProxy_3_0_0 SpatiallyLoaded:1 Bounds:IsValid=true, Min=(X=12600.000 Y=-25200.000 Z=-100.000), Max=(X=25200.000 Y=-12600.000 Z=100.000) RuntimeGrid:None EditorOnly:0 RuntimeOnly:0 HLODRelevant:1
 |   |   |- Guid:F33CC5014C49925B3A9D52A063AF483F BaseClass: NativeClass:/Script/Engine.PlayerStart Name:PlayerStart_0 Label:PlayerStart SpatiallyLoaded:0 Bounds:IsValid=true, Min=(X=-40.000 Y=-40.000 Z=8.000), Max=(X=40.000 Y=40.000 Z=192.000) RuntimeGrid:None EditorOnly:0 RuntimeOnly:0 HLODRelevant:0
 |   |- [+] Clusters:
 |   |   |- [+] [  0]
 |   |   |   |- Guid:E088AB68497BFAE736EFB4AF4F3ED826 BaseClass: NativeClass:/Script/Engine.RuntimeVirtualTextureVolume Name:RuntimeVirtualTextureVolume_UAID_B07B2512BA04069B01_1704390896 Label:Runtime Virtual Texture Volume SpatiallyLoaded:0 Bounds:IsValid=true, Min=(X=-25200.391 Y=-25200.391 Z=-51.017), Max=(X=25999.609 Y=25999.609 Z=148.983) RuntimeGrid:None EditorOnly:0 RuntimeOnly:0 HLODRelevant:0
 |   |   |- [+] [  1]
 |   |   |   |- Guid:CCDD89584E0A9025F52AEDA51D60CA54 BaseClass: NativeClass:/Script/NavigationSystem.NavMeshBoundsVolume Name:NavMeshBoundsVolume_1 Label:NavMeshBoundsVolume SpatiallyLoaded:0 Bounds:IsValid=true, Min=(X=-100.000 Y=-100.000 Z=782.184), Max=(X=3100.000 Y=3600.000 Z=1282.184) RuntimeGrid:None EditorOnly:0 RuntimeOnly:0 HLODRelevant:0 FolderPath:Navigation FolderGuid:AE45D61F453CC144CF8289862C276E89
 |   |   |- [+] [  2]
 |   |   |   |- Guid:25CBB76140FD58DDC434669A7C5029C0 BaseClass: NativeClass:/Script/Landscape.LandscapeStreamingProxy Name:LandscapeStreamingProxy_58JGYMCRS0RRJWD73NRAG71BG_126_1_0_0 Label:LandscapeStreamingProxy_1_0_0 SpatiallyLoaded:1 Bounds:IsValid=true, Min=(X=-12600.000 Y=-25200.000 Z=-100.000), Max=(X=0.000 Y=-12600.000 Z=100.000) RuntimeGrid:None EditorOnly:0 RuntimeOnly:0 HLODRelevant:1
 |   |   |- [+] [  3]
 |   |   |   |- Guid:AD1AA48B43717A50FDB5088A54B2883D BaseClass: NativeClass:/Script/Landscape.LandscapeStreamingProxy Name:LandscapeStreamingProxy_58JGYMCRS0RRJWD73NRAG71BG_126_0_2_0 Label:LandscapeStreamingProxy_0_2_0 SpatiallyLoaded:1 Bounds:IsValid=true, Min=(X=-25200.000 Y=-0.000 Z=-100.000), Max=(X=-12600.000 Y=12600.000 Z=100.000) RuntimeGrid:None EditorOnly:0 RuntimeOnly:0 HLODRelevant:1
 |   |   |- [+] [  4]
 |   |   |   |- Guid:F07080C34D9288CD14D5DF912FF3CFFB BaseClass: NativeClass:/Script/Landscape.LandscapeStreamingProxy Name:LandscapeStreamingProxy_58JGYMCRS0RRJWD73NRAG71BG_126_3_0_0 Label:LandscapeStreamingProxy_3_0_0 SpatiallyLoaded:1 Bounds:IsValid=true, Min=(X=12600.000 Y=-25200.000 Z=-100.000), Max=(X=25200.000 Y=-12600.000 Z=100.000) RuntimeGrid:None EditorOnly:0 RuntimeOnly:0 HLODRelevant:1
 |   |   |- [+] [  5]
 |   |   |   |- Guid:5E78125840C553D095C0E5B994344CDB BaseClass: NativeClass:/Script/Landscape.LandscapeStreamingProxy Name:LandscapeStreamingProxy_58JGYMCRS0RRJWD73NRAG71BG_126_3_2_0 Label:LandscapeStreamingProxy_3_2_0 SpatiallyLoaded:1 Bounds:IsValid=true, Min=(X=12600.000 Y=-0.000 Z=-100.000), Max=(X=25200.000 Y=12600.000 Z=100.000) RuntimeGrid:None EditorOnly:0 RuntimeOnly:0 HLODRelevant:1
 |   |   |- [+] [  6]
 |   |   |   |- Guid:12E162684BA5A9BDC21A6394E558C5AC BaseClass: NativeClass:/Script/Foliage.InstancedFoliageActor Name:InstancedFoliageActor_25600_0_-1_0 Label:InstancedFoliageActor_0_-1_0 SpatiallyLoaded:1 Bounds:IsValid=true, Min=(X=0.000 Y=-25600.000 Z=0.000), Max=(X=25600.000 Y=0.000 Z=25600.000) RuntimeGrid:None EditorOnly:0 RuntimeOnly:0 HLODRelevant:1
 |   |   |- [+] [  7]
 |   |   |   |- Guid:798ACE3A4F51E0938534C9911BEAE3FE BaseClass: NativeClass:/Script/Landscape.LandscapeStreamingProxy Name:LandscapeStreamingProxy_58JGYMCRS0RRJWD73NRAG71BG_126_0_0_0 Label:LandscapeStreamingProxy_0_0_0 SpatiallyLoaded:1 Bounds:IsValid=true, Min=(X=-25200.000 Y=-25200.000 Z=-100.000), Max=(X=-12600.000 Y=-12600.000 Z=100.000) RuntimeGrid:None EditorOnly:0 RuntimeOnly:0 HLODRelevant:1
 |   |   |- [+] [  8]
 |   |   |   |- Guid:25E542C74C4C11C1DCFEF3A2A9F6830E BaseClass: NativeClass:/Script/Landscape.LandscapeStreamingProxy Name:LandscapeStreamingProxy_58JGYMCRS0RRJWD73NRAG71BG_126_3_1_0 Label:LandscapeStreamingProxy_3_1_0 SpatiallyLoaded:1 Bounds:IsValid=true, Min=(X=12600.000 Y=-12600.000 Z=-100.000), Max=(X=25200.000 Y=-0.000 Z=100.000) RuntimeGrid:None EditorOnly:0 RuntimeOnly:0 HLODRelevant:1
 |   |   |- [+] [  9]
 |   |   |   |- Guid:0446667B4D9A8AC1A858E6B24F5BBE7B BaseClass:/Game/Grass/Grass_Deformation/Blueprints/BP_Capture.BP_Capture_C NativeClass:/Script/Engine.Actor Name:BP_Capture_C_UAID_B07B2512BA04079B01_2076424073 Label:BP_Capture SpatiallyLoaded:1 Bounds:IsValid=true, Min=(X=0.000 Y=0.000 Z=-2000.000), Max=(X=0.000 Y=0.000 Z=-2000.000) RuntimeGrid:None EditorOnly:0 RuntimeOnly:0 HLODRelevant:0
 |   |   |- [+] [ 10]
 |   |   |   |- Guid:C88EBEDA4EA3929756051298E817ED23 BaseClass: NativeClass:/Script/Foliage.InstancedFoliageActor Name:InstancedFoliageActor_25600_-1_-1_0 Label:InstancedFoliageActor_-1_-1_0 SpatiallyLoaded:1 Bounds:IsValid=true, Min=(X=-25600.000 Y=-25600.000 Z=0.000), Max=(X=0.000 Y=0.000 Z=25600.000) RuntimeGrid:None EditorOnly:0 RuntimeOnly:0 HLODRelevant:1
 |   |   |- [+] [ 11]
 |   |   |   |- Guid:1FEC8FAC495CEF0CE32492ADCBB96BAE BaseClass: NativeClass:/Script/AIModule.NavLinkProxy Name:NavLinkProxy_3 Label:NavLinkProxy3 SpatiallyLoaded:1 Bounds:IsValid=true, Min=(X=2240.000 Y=1030.000 Z=90.000), Max=(X=2240.000 Y=1030.000 Z=90.000) RuntimeGrid:None EditorOnly:0 RuntimeOnly:0 HLODRelevant:0 FolderPath:Navigation FolderGuid:AE45D61F453CC144CF8289862C276E89
 |   |   |- [+] [ 12]
 |   |   |   |- Guid:6252C7D64ACF162A73EE65B11FE214D1 BaseClass: NativeClass:/Script/Engine.SkyAtmosphere Name:SkyAtmosphere_1 Label:SkyAtmosphere SpatiallyLoaded:0 Bounds:IsValid=true, Min=(X=0.000 Y=0.000 Z=1020.000), Max=(X=0.000 Y=0.000 Z=1020.000) RuntimeGrid:None EditorOnly:0 RuntimeOnly:0 HLODRelevant:0 FolderPath:Lighting FolderGuid:4C9334684BA61B42C769F799D2576455
 |   |   |- [+] [ 13]
 |   |   |   |- Guid:B2BB6D824C740A13D9D2FF84FDCC5F66 BaseClass: NativeClass:/Script/Landscape.LandscapeStreamingProxy Name:LandscapeStreamingProxy_58JGYMCRS0RRJWD73NRAG71BG_126_2_1_0 Label:LandscapeStreamingProxy_2_1_0 SpatiallyLoaded:1 Bounds:IsValid=true, Min=(X=0.000 Y=-12600.000 Z=-100.000), Max=(X=12600.000 Y=-0.000 Z=100.000) RuntimeGrid:None EditorOnly:0 RuntimeOnly:0 HLODRelevant:1
 |   |   |- [+] [ 14]
 |   |   |   |- Guid:D24D61B944EF71BE7BC469B7EB239299 BaseClass: NativeClass:/Script/Engine.ExponentialHeightFog Name:ExponentialHeightFog_1 Label:ExponentialHeightFog SpatiallyLoaded:0 Bounds:IsValid=true, Min=(X=-5600.000 Y=-50.000 Z=-6850.000), Max=(X=-5600.000 Y=-50.000 Z=-6850.000) RuntimeGrid:None EditorOnly:0 RuntimeOnly:0 HLODRelevant:0 FolderPath:Lighting FolderGuid:4C9334684BA61B42C769F799D2576455
 |   |   |- [+] [ 15]
 |   |   |   |- Guid:F33CC5014C49925B3A9D52A063AF483F BaseClass: NativeClass:/Script/Engine.PlayerStart Name:PlayerStart_0 Label:PlayerStart SpatiallyLoaded:0 Bounds:IsValid=true, Min=(X=-40.000 Y=-40.000 Z=8.000), Max=(X=40.000 Y=40.000 Z=192.000) RuntimeGrid:None EditorOnly:0 RuntimeOnly:0 HLODRelevant:0
 |   |   |- [+] [ 16]
 |   |   |   |- Guid:147C8D134B12D635012D5F8C57D2C96F BaseClass: NativeClass:/Script/Engine.PostProcessVolume Name:PostProcessVolume_1 Label:PostProcessVolume SpatiallyLoaded:0 Bounds:IsValid=true, Min=(X=-0.000 Y=-0.000 Z=949.031), Max=(X=200.000 Y=200.000 Z=1149.031) RuntimeGrid:None EditorOnly:0 RuntimeOnly:0 HLODRelevant:0 FolderPath:Lighting FolderGuid:4C9334684BA61B42C769F799D2576455
 |   |   |- [+] [ 17]
 |   |   |   |- Guid:332811EF485A298241F33BB4EBE63059 BaseClass: NativeClass:/Script/Landscape.LandscapeStreamingProxy Name:LandscapeStreamingProxy_58JGYMCRS0RRJWD73NRAG71BG_126_2_3_0 Label:LandscapeStreamingProxy_2_3_0 SpatiallyLoaded:1 Bounds:IsValid=true, Min=(X=0.000 Y=12600.000 Z=-100.000), Max=(X=12600.000 Y=25200.000 Z=100.000) RuntimeGrid:None EditorOnly:0 RuntimeOnly:0 HLODRelevant:1
 |   |   |- [+] [ 18]
 |   |   |   |- Guid:DEF48D684E2D9D29A50FE09A1D8B806F BaseClass: NativeClass:/Script/Foliage.InstancedFoliageActor Name:InstancedFoliageActor_25600_0_-1_-1 Label:InstancedFoliageActor_0_-1_-1 SpatiallyLoaded:1 Bounds:IsValid=true, Min=(X=0.000 Y=-25600.000 Z=-25600.000), Max=(X=25600.000 Y=0.000 Z=0.000) RuntimeGrid:None EditorOnly:0 RuntimeOnly:0 HLODRelevant:1
 |   |   |- [+] [ 19]
 |   |   |   |- Guid:1FCB76874092E988B2487CBFCB9AA583 BaseClass: NativeClass:/Script/Landscape.LandscapeStreamingProxy Name:LandscapeStreamingProxy_58JGYMCRS0RRJWD73NRAG71BG_126_2_2_0 Label:LandscapeStreamingProxy_2_2_0 SpatiallyLoaded:1 Bounds:IsValid=true, Min=(X=0.000 Y=-0.000 Z=-100.000), Max=(X=12600.000 Y=12600.000 Z=100.000) RuntimeGrid:None EditorOnly:0 RuntimeOnly:0 HLODRelevant:1
 |   |   |- [+] [ 20]
 |   |   |   |- Guid:66BD2C81431849710243718E8B65C564 BaseClass: NativeClass:/Script/Landscape.LandscapeStreamingProxy Name:LandscapeStreamingProxy_58JGYMCRS0RRJWD73NRAG71BG_126_1_2_0 Label:LandscapeStreamingProxy_1_2_0 SpatiallyLoaded:1 Bounds:IsValid=true, Min=(X=-12600.000 Y=-0.000 Z=-100.000), Max=(X=0.000 Y=12600.000 Z=100.000) RuntimeGrid:None EditorOnly:0 RuntimeOnly:0 HLODRelevant:1
 |   |   |- [+] [ 21]
 |   |   |   |- Guid:1E888FFA49E910D1FFB6FC8DEDFEC86B BaseClass: NativeClass:/Script/Landscape.Landscape Name:Landscape_UAID_B07B2512BA04069B01_1251974895 Label:Landscape SpatiallyLoaded:0 Bounds:IsValid=true, Min=(X=-25200.000 Y=-25200.000 Z=0.000), Max=(X=-25200.000 Y=-25200.000 Z=0.000) RuntimeGrid:None EditorOnly:0 RuntimeOnly:0 HLODRelevant:0
 |   |   |- [+] [ 22]
 |   |   |   |- Guid:50D638624939BAB2CFE06188FA5AE348 BaseClass: NativeClass:/Script/Landscape.LandscapeStreamingProxy Name:LandscapeStreamingProxy_58JGYMCRS0RRJWD73NRAG71BG_126_0_1_0 Label:LandscapeStreamingProxy_0_1_0 SpatiallyLoaded:1 Bounds:IsValid=true, Min=(X=-25200.000 Y=-12600.000 Z=-100.000), Max=(X=-12600.000 Y=-0.000 Z=100.000) RuntimeGrid:None EditorOnly:0 RuntimeOnly:0 HLODRelevant:1
 |   |   |- [+] [ 23]
 |   |   |   |- Guid:730B3FBC43149923A6E59796DA353164 BaseClass: NativeClass:/Script/Landscape.LandscapeStreamingProxy Name:LandscapeStreamingProxy_58JGYMCRS0RRJWD73NRAG71BG_126_2_0_0 Label:LandscapeStreamingProxy_2_0_0 SpatiallyLoaded:1 Bounds:IsValid=true, Min=(X=0.000 Y=-25200.000 Z=-100.000), Max=(X=12600.000 Y=-12600.000 Z=100.000) RuntimeGrid:None EditorOnly:0 RuntimeOnly:0 HLODRelevant:1
 |   |   |- [+] [ 24]
 |   |   |   |- Guid:AECEEEE741E6DE68F6843FA49564A956 BaseClass: NativeClass:/Script/Engine.DirectionalLight Name:DirectionalLight_1 Label:DirectionalLight SpatiallyLoaded:0 Bounds:IsValid=true, Min=(X=-4398046511104.000 Y=-4398046511104.000 Z=-4398046511104.000), Max=(X=4398046511104.000 Y=4398046511104.000 Z=4398046511104.000) RuntimeGrid:None EditorOnly:0 RuntimeOnly:0 HLODRelevant:0 FolderPath:Lighting FolderGuid:4C9334684BA61B42C769F799D2576455
 |   |   |- [+] [ 25]
 |   |   |   |- Guid:B71CC87A4B1A91575ECA009D9431AFE1 BaseClass: NativeClass:/Script/Foliage.InstancedFoliageActor Name:InstancedFoliageActor_25600_-1_0_0 Label:InstancedFoliageActor_-1_0_0 SpatiallyLoaded:1 Bounds:IsValid=true, Min=(X=-25600.000 Y=0.000 Z=0.000), Max=(X=0.000 Y=25600.000 Z=25600.000) RuntimeGrid:None EditorOnly:0 RuntimeOnly:0 HLODRelevant:1
 |   |   |- [+] [ 26]
 |   |   |   |- Guid:2DF0D95440BE0EDA81652F860DC7268E BaseClass: NativeClass:/Script/Engine.WorldDataLayers Name:WorldDataLayers Label:WorldDataLayers SpatiallyLoaded:0 Bounds:IsValid=true, Min=(X=0.000 Y=0.000 Z=0.000), Max=(X=0.000 Y=0.000 Z=0.000) RuntimeGrid:None EditorOnly:0 RuntimeOnly:0 HLODRelevant:0
 |   |   |- [+] [ 27]
 |   |   |   |- Guid:04AC941B46B92FAB2691C9BCA2871AB2 BaseClass: NativeClass:/Script/Foliage.InstancedFoliageActor Name:InstancedFoliageActor_25600_0_0_0 Label:InstancedFoliageActor_0_0_0 SpatiallyLoaded:1 Bounds:IsValid=true, Min=(X=0.000 Y=0.000 Z=0.000), Max=(X=25600.000 Y=25600.000 Z=25600.000) RuntimeGrid:None EditorOnly:0 RuntimeOnly:0 HLODRelevant:1
 |   |   |- [+] [ 28]
 |   |   |   |- Guid:3D5880004EE56C6F05303191FED13647 BaseClass: NativeClass:/Script/Landscape.LandscapeStreamingProxy Name:LandscapeStreamingProxy_58JGYMCRS0RRJWD73NRAG71BG_126_1_1_0 Label:LandscapeStreamingProxy_1_1_0 SpatiallyLoaded:1 Bounds:IsValid=true, Min=(X=-12600.000 Y=-12600.000 Z=-100.000), Max=(X=0.000 Y=-0.000 Z=100.000) RuntimeGrid:None EditorOnly:0 RuntimeOnly:0 HLODRelevant:1
 |   |   |- [+] [ 29]
 |   |   |   |- Guid:077745BC47EEBDE494F66596C98B06E0 BaseClass: NativeClass:/Script/Foliage.InstancedFoliageActor Name:InstancedFoliageActor_25600_-1_0_-1 Label:InstancedFoliageActor_-1_0_-1 SpatiallyLoaded:1 Bounds:IsValid=true, Min=(X=-25600.000 Y=0.000 Z=-25600.000), Max=(X=0.000 Y=25600.000 Z=0.000) RuntimeGrid:None EditorOnly:0 RuntimeOnly:0 HLODRelevant:0
 |   |   |- [+] [ 30]
 |   |   |   |- Guid:01681824482C1B8C0D14CC807E45821C BaseClass: NativeClass:/Script/Engine.StaticMeshActor Name:StaticMeshActor_UAID_B07B2512BA04A99B01_1418414589 Label:BackgroundCube SpatiallyLoaded:1 Bounds:IsValid=true, Min=(X=-23957.858 Y=-23957.857 Z=-8739.981), Max=(X=23957.857 Y=23957.857 Z=39175.733) RuntimeGrid:None EditorOnly:0 RuntimeOnly:0 HLODRelevant:0
 |   |   |- [+] [ 31]
 |   |   |   |- Guid:817A83FE4C86E1870A9687A2822954B8 BaseClass: NativeClass:/Script/Foliage.InstancedFoliageActor Name:InstancedFoliageActor_25600_-1_-1_-1 Label:InstancedFoliageActor_-1_-1_-1 SpatiallyLoaded:1 Bounds:IsValid=true, Min=(X=-25600.000 Y=-25600.000 Z=-25600.000), Max=(X=0.000 Y=0.000 Z=0.000) RuntimeGrid:None EditorOnly:0 RuntimeOnly:0 HLODRelevant:0
 |   |   |- [+] [ 32]
 |   |   |   |- Guid:272BF69C40D885DA2D3BB3815E18B110 BaseClass: NativeClass:/Script/Foliage.InstancedFoliageActor Name:InstancedFoliageActor_25600_0_0_-1 Label:InstancedFoliageActor_0_0_-1 SpatiallyLoaded:1 Bounds:IsValid=true, Min=(X=0.000 Y=0.000 Z=-25600.000), Max=(X=25600.000 Y=25600.000 Z=0.000) RuntimeGrid:None EditorOnly:0 RuntimeOnly:0 HLODRelevant:0
 |   |   |- [+] [ 33]
 |   |   |   |- Guid:66BCBF874D2A22ADC6523B95EE812CA3 BaseClass: NativeClass:/Script/Engine.StaticMeshActor Name:StaticMeshActor_UAID_A4AE111137DC5CFB00_1660657071 Label:SM_SkySphere SpatiallyLoaded:0 Bounds:IsValid=true, Min=(X=-1638400.000 Y=-1638400.000 Z=-1638400.000), Max=(X=1638400.000 Y=1638400.000 Z=1638400.000) RuntimeGrid:None EditorOnly:0 RuntimeOnly:0 HLODRelevant:1 FolderPath:Lighting FolderGuid:4C9334684BA61B42C769F799D2576455
 |   |   |- [+] [ 34]
 |   |   |   |- Guid:D7E33BF64A58ABB4700DA98BF477BB43 BaseClass: NativeClass:/Script/Landscape.LandscapeStreamingProxy Name:LandscapeStreamingProxy_58JGYMCRS0RRJWD73NRAG71BG_126_1_3_0 Label:LandscapeStreamingProxy_1_3_0 SpatiallyLoaded:1 Bounds:IsValid=true, Min=(X=-12600.000 Y=12600.000 Z=-100.000), Max=(X=0.000 Y=25200.000 Z=100.000) RuntimeGrid:None EditorOnly:0 RuntimeOnly:0 HLODRelevant:1
 |   |   |- [+] [ 35]
 |   |   |   |- Guid:24311E0D43556CC9F715EA9B22DA9B20 BaseClass: NativeClass:/Script/Landscape.LandscapeStreamingProxy Name:LandscapeStreamingProxy_58JGYMCRS0RRJWD73NRAG71BG_126_3_3_0 Label:LandscapeStreamingProxy_3_3_0 SpatiallyLoaded:1 Bounds:IsValid=true, Min=(X=12600.000 Y=12600.000 Z=-100.000), Max=(X=25200.000 Y=25200.000 Z=100.000) RuntimeGrid:None EditorOnly:0 RuntimeOnly:0 HLODRelevant:1
 |   |   |- [+] [ 36]
 |   |   |   |- Guid:1742DF43475F097453197AA79C7473D9 BaseClass: NativeClass:/Script/Engine.SkyLight Name:SkyLight_1 Label:SkyLight SpatiallyLoaded:0 Bounds:IsValid=true, Min=(X=0.000 Y=0.000 Z=690.000), Max=(X=0.000 Y=0.000 Z=690.000) RuntimeGrid:None EditorOnly:0 RuntimeOnly:0 HLODRelevant:0 FolderPath:Lighting FolderGuid:4C9334684BA61B42C769F799D2576455
 |   |   |- [+] [ 37]
 |   |   |   |- Guid:64177DFA4B84817893AF95A50C701885 BaseClass: NativeClass:/Script/NavigationSystem.NavMeshBoundsVolume Name:NavMeshBoundsVolume_UAID_B07B2512BA04C69801_1438636520 Label:NavMeshBoundsVolume2 SpatiallyLoaded:0 Bounds:IsValid=true, Min=(X=-22664.790 Y=-22591.440 Z=-22500.000), Max=(X=22335.210 Y=22408.560 Z=22500.000) RuntimeGrid:None EditorOnly:0 RuntimeOnly:0 HLODRelevant:0
 |   |   |- [+] [ 38]
 |   |   |   |- Guid:D1573390467393BD3858518F8756EEAA BaseClass: NativeClass:/Script/Landscape.LandscapeStreamingProxy Name:LandscapeStreamingProxy_58JGYMCRS0RRJWD73NRAG71BG_126_0_3_0 Label:LandscapeStreamingProxy_0_3_0 SpatiallyLoaded:1 Bounds:IsValid=true, Min=(X=-25200.000 Y=12600.000 Z=-100.000), Max=(X=-12600.000 Y=25200.000 Z=100.000) RuntimeGrid:None EditorOnly:0 RuntimeOnly:0 HLODRelevant:1
 |- ContainerInstances:
 |- [+] MainContainer:
 |   |-        ID: 0x0000000000000000
 |   |-    Bounds: IsValid=false, Min=(X=0.000 Y=0.000 Z=0.000), Max=(X=0.000 Y=0.000 Z=0.000)
 |   |- Transform: 0.000000,0.000000,0.000000|0.000000,0.000000,-0.000000|1.000000,1.000000,1.000000
 |   |- Container: /Game/TopDown/Maps/TopDownMap
----------------------------------------------------------------------------------------------------------------
TopDownMap - Persistent Level
----------------------------------------------------------------------------------------------------------------
Always loaded Actor Count: 50 

----------------------------------------------------------------------------------------------------------------
TopDownMap - Runtime Spatial Hash - Streaming Grid - MainGrid
----------------------------------------------------------------------------------------------------------------
            Origin: X=0.000 Y=0.000 Z=0.000
         Cell Size: 12800
      World Bounds: IsValid=false, Min=(X=0.000 Y=0.000 Z=0.000), Max=(X=0.000 Y=0.000 Z=0.000)
     Loading Range: 25600.00
Block Slow Loading: No
 ClientOnlyVisible: No

[+] Grid Levels: 1
 |- Level  0: Cell Count    0 | Cell Size   12800 | Actor Count    0 (0.0%)

[+] Content of Grid Level 0

